<?xml version="1.0" encoding="UTF-8" ?>
<testsuite tests="82" failures="31" name="TestSuite" time="25.1" errors="0" skipped="0">
  <properties>
    <property name="java.runtime.name" value="OpenJDK Runtime Environment"/>
    <property name="java.vm.version" value="17.0.1+0"/>
    <property name="sun.boot.library.path" value="/usr/local/Cellar/openjdk/17.0.1/libexec/openjdk.jdk/Contents/Home/lib"/>
    <property name="maven.multiModuleProjectDirectory" value="/Users/dunice/Projects/RestAssured"/>
    <property name="java.vm.vendor" value="Homebrew"/>
    <property name="java.vendor.url" value="https://github.com/Homebrew/homebrew-core/issues"/>
    <property name="guice.disable.misplaced.annotation.check" value="true"/>
    <property name="path.separator" value=":"/>
    <property name="java.vm.name" value="OpenJDK 64-Bit Server VM"/>
    <property name="user.country" value="RU"/>
    <property name="sun.java.launcher" value="SUN_STANDARD"/>
    <property name="java.vm.specification.name" value="Java Virtual Machine Specification"/>
    <property name="user.dir" value="/Users/dunice/Projects/RestAssured"/>
    <property name="java.vm.compressedOopsMode" value="Zero based"/>
    <property name="java.runtime.version" value="17.0.1+0"/>
    <property name="os.arch" value="x86_64"/>
    <property name="java.io.tmpdir" value="/var/folders/vh/yn_xcpnx0cd6qwtfs_v555km0000gn/T/"/>
    <property name="line.separator" value="
"/>
    <property name="java.vm.specification.vendor" value="Oracle Corporation"/>
    <property name="os.name" value="Mac OS X"/>
    <property name="classworlds.conf" value="/usr/local/Cellar/maven/3.8.3/libexec/bin/m2.conf"/>
    <property name="sun.jnu.encoding" value="UTF-8"/>
    <property name="java.library.path" value="/Users/dunice/Library/Java/Extensions:/Library/Java/Extensions:/Network/Library/Java/Extensions:/System/Library/Java/Extensions:/usr/lib/java:."/>
    <property name="maven.conf" value="/usr/local/Cellar/maven/3.8.3/libexec/conf"/>
    <property name="jdk.debug" value="release"/>
    <property name="java.class.version" value="61.0"/>
    <property name="java.specification.name" value="Java Platform API Specification"/>
    <property name="sun.management.compiler" value="HotSpot 64-Bit Tiered Compilers"/>
    <property name="os.version" value="11.6"/>
    <property name="library.jansi.path" value="/usr/local/Cellar/maven/3.8.3/libexec/lib/jansi-native"/>
    <property name="http.nonProxyHosts" value="local|*.local|169.254/16|*.169.254/16"/>
    <property name="user.home" value="/Users/dunice"/>
    <property name="user.timezone" value="Europe/Moscow"/>
    <property name="file.encoding" value="UTF-8"/>
    <property name="java.specification.version" value="17"/>
    <property name="user.name" value="dunice"/>
    <property name="java.class.path" value="/usr/local/Cellar/maven/3.8.3/libexec/boot/plexus-classworlds-2.6.0.jar"/>
    <property name="java.vm.specification.version" value="17"/>
    <property name="sun.arch.data.model" value="64"/>
    <property name="sun.java.command" value="org.codehaus.plexus.classworlds.launcher.Launcher clean test"/>
    <property name="java.home" value="/usr/local/Cellar/openjdk/17.0.1/libexec/openjdk.jdk/Contents/Home"/>
    <property name="user.language" value="ru"/>
    <property name="java.specification.vendor" value="Oracle Corporation"/>
    <property name="java.vm.info" value="mixed mode, sharing"/>
    <property name="java.version" value="17.0.1"/>
    <property name="native.encoding" value="UTF-8"/>
    <property name="java.vendor" value="Homebrew"/>
    <property name="sun.stderr.encoding" value="UTF-8"/>
    <property name="maven.home" value="/usr/local/Cellar/maven/3.8.3/libexec"/>
    <property name="file.separator" value="/"/>
    <property name="java.version.date" value="2021-10-19"/>
    <property name="java.vendor.url.bug" value="https://github.com/Homebrew/homebrew-core/issues"/>
    <property name="sun.io.unicode.encoding" value="UnicodeBig"/>
    <property name="sun.cpu.endian" value="little"/>
    <property name="java.vendor.version" value="Homebrew"/>
    <property name="sun.stdout.encoding" value="UTF-8"/>
    <property name="socksNonProxyHosts" value="local|*.local|169.254/16|*.169.254/16"/>
    <property name="ftp.nonProxyHosts" value="local|*.local|169.254/16|*.169.254/16"/>
  </properties>
  <testcase classname="WrongCreatePostTest" name="createPostWithEmptyDescription" time="0.233"/>
  <testcase classname="WrongCreatePostTest" name="createPostWithEmptyImage" time="0.203">
    <failure message="The following asserts failed:
	&quot;codes&quot; does not contain correct error code expected [true] but found [false]" type="java.lang.AssertionError">java.lang.AssertionError: The following asserts failed:
	&quot;codes&quot; does not contain correct error code expected [true] but found [false]
	at org.testng.asserts.SoftAssert.assertAll(SoftAssert.java:47)
	at org.testng.asserts.SoftAssert.assertAll(SoftAssert.java:31)
	at WrongCreatePostTest.createPostWithEmptyImage(WrongCreatePostTest.java:102)
</failure>
  </testcase>
  <testcase classname="WrongCreatePostTest" name="createPostWithEmptyTitle" time="0.239">
    <failure message="The following asserts failed:
	&quot;codes&quot; does not contain correct error code expected [true] but found [false]" type="java.lang.AssertionError">java.lang.AssertionError: The following asserts failed:
	&quot;codes&quot; does not contain correct error code expected [true] but found [false]
	at org.testng.asserts.SoftAssert.assertAll(SoftAssert.java:47)
	at org.testng.asserts.SoftAssert.assertAll(SoftAssert.java:31)
	at WrongCreatePostTest.createPostWithEmptyTitle(WrongCreatePostTest.java:83)
</failure>
  </testcase>
  <testcase classname="WrongCreatePostTest" name="createPostWithoutDescription" time="0.198">
    <failure message="The following asserts failed:
	&quot;codes&quot; does not contain correct error code expected [true] but found [false]" type="java.lang.AssertionError">java.lang.AssertionError: The following asserts failed:
	&quot;codes&quot; does not contain correct error code expected [true] but found [false]
	at org.testng.asserts.SoftAssert.assertAll(SoftAssert.java:47)
	at org.testng.asserts.SoftAssert.assertAll(SoftAssert.java:31)
	at WrongCreatePostTest.createPostWithoutDescription(WrongCreatePostTest.java:121)
</failure>
  </testcase>
  <testcase classname="WrongCreatePostTest" name="createPostWithoutImage" time="0.215">
    <failure message="The following asserts failed:
	&quot;codes&quot; does not contain correct error code expected [true] but found [false]" type="java.lang.AssertionError">java.lang.AssertionError: The following asserts failed:
	&quot;codes&quot; does not contain correct error code expected [true] but found [false]
	at org.testng.asserts.SoftAssert.assertAll(SoftAssert.java:47)
	at org.testng.asserts.SoftAssert.assertAll(SoftAssert.java:31)
	at WrongCreatePostTest.createPostWithoutImage(WrongCreatePostTest.java:140)
</failure>
  </testcase>
  <testcase classname="WrongCreatePostTest" name="createPostWithoutTitle" time="0.202">
    <failure message="The following asserts failed:
	&quot;codes&quot; does not contain correct error code expected [true] but found [false]" type="java.lang.AssertionError">java.lang.AssertionError: The following asserts failed:
	&quot;codes&quot; does not contain correct error code expected [true] but found [false]
	at org.testng.asserts.SoftAssert.assertAll(SoftAssert.java:47)
	at org.testng.asserts.SoftAssert.assertAll(SoftAssert.java:31)
	at WrongCreatePostTest.createPostWithoutTitle(WrongCreatePostTest.java:159)
</failure>
  </testcase>
  <testcase classname="WrongCreatePostTest" name="createPostWithoutToken" time="0.208">
    <failure message="The following asserts failed:
	&quot;codes&quot; does not contain correct error code expected [true] but found [false],
	&quot;codes&quot; does not contain correct error code expected [true] but found [false]" type="java.lang.AssertionError">java.lang.AssertionError: The following asserts failed:
	&quot;codes&quot; does not contain correct error code expected [true] but found [false],
	&quot;codes&quot; does not contain correct error code expected [true] but found [false]
	at org.testng.asserts.SoftAssert.assertAll(SoftAssert.java:47)
	at org.testng.asserts.SoftAssert.assertAll(SoftAssert.java:31)
	at WrongCreatePostTest.createPostWithoutToken(WrongCreatePostTest.java:45)
</failure>
  </testcase>
  <testcase classname="SuccessAuthorizationTest" name="successAuthorizationTest" time="0.455"/>
  <testcase classname="WrongChangeUserInfoTest" name="withEmptyEmail" time="0.214"/>
  <testcase classname="WrongChangeUserInfoTest" name="withEmptyEmailName" time="0.214"/>
  <testcase classname="WrongChangeUserInfoTest" name="withEmptyName" time="0.205"/>
  <testcase classname="WrongChangeUserInfoTest" name="withWrongEmail" time="0.212">
    <failure message="The following asserts failed:
	Wrong &quot;success&quot; expected [true] but found [false]" type="java.lang.AssertionError">java.lang.AssertionError: The following asserts failed:
	Wrong &quot;success&quot; expected [true] but found [false]
	at org.testng.asserts.SoftAssert.assertAll(SoftAssert.java:47)
	at org.testng.asserts.SoftAssert.assertAll(SoftAssert.java:31)
	at WrongChangeUserInfoTest.withWrongEmail(WrongChangeUserInfoTest.java:76)
</failure>
    <system-out>Cannot invoke &quot;java.util.List.contains(Object)&quot; because &quot;codes&quot; is null
</system-out>
  </testcase>
  <testcase classname="WrongChangeUserInfoTest" name="withWrongName" time="0.195"/>
  <testcase classname="WrongChangeUserInfoTest" name="withoutAvatar" time="0.191"/>
  <testcase classname="WrongChangeUserInfoTest" name="withoutEmail" time="0.2"/>
  <testcase classname="WrongChangeUserInfoTest" name="withoutName" time="0.197"/>
  <testcase classname="WrongChangeUserInfoTest" name="withoutRole" time="0.243"/>
  <testcase classname="WrongChangeUserInfoTest" name="withoutToken" time="0.34">
    <failure message="The following asserts failed:
	&quot;codes&quot; does not contain correct error code expected [true] but found [false]" type="java.lang.AssertionError">java.lang.AssertionError: The following asserts failed:
	&quot;codes&quot; does not contain correct error code expected [true] but found [false]
	at org.testng.asserts.SoftAssert.assertAll(SoftAssert.java:47)
	at org.testng.asserts.SoftAssert.assertAll(SoftAssert.java:31)
	at WrongChangeUserInfoTest.withoutToken(WrongChangeUserInfoTest.java:53)
</failure>
  </testcase>
  <testcase classname="GetFileTest" name="getFileTest" time="0.35"/>
  <testcase classname="CreatePostTest" name="createPostTest" time="0.386"/>
  <testcase classname="GetUserInfoTest" name="getUserInfoByIdTest" time="0.272"/>
  <testcase classname="GetUserInfoTest" name="getUsers" time="0.577"/>
  <testcase classname="WrongLoginTest" name="correctEmailWithoutPassword" time="0.185"/>
  <testcase classname="WrongLoginTest" name="emptyEmail" time="0.234"/>
  <testcase classname="WrongLoginTest" name="emptyEmailAndPassword" time="0.191">
    <failure message="The following asserts failed:
	&quot;codes&quot; does not contain correct error code expected [true] but found [false]" type="java.lang.AssertionError">java.lang.AssertionError: The following asserts failed:
	&quot;codes&quot; does not contain correct error code expected [true] but found [false]
	at org.testng.asserts.SoftAssert.assertAll(SoftAssert.java:47)
	at org.testng.asserts.SoftAssert.assertAll(SoftAssert.java:31)
	at WrongLoginTest.emptyEmailAndPassword(WrongLoginTest.java:246)
</failure>
  </testcase>
  <testcase classname="WrongLoginTest" name="emptyPassword" time="0.323">
    <failure message="The following asserts failed:
	&quot;codes&quot; does not contain correct error code expected [true] but found [false]" type="java.lang.AssertionError">java.lang.AssertionError: The following asserts failed:
	&quot;codes&quot; does not contain correct error code expected [true] but found [false]
	at org.testng.asserts.SoftAssert.assertAll(SoftAssert.java:47)
	at org.testng.asserts.SoftAssert.assertAll(SoftAssert.java:31)
	at WrongLoginTest.emptyPassword(WrongLoginTest.java:221)
</failure>
  </testcase>
  <testcase classname="WrongLoginTest" name="incorrectEmail1" time="0.209">
    <failure message="The following asserts failed:
	&quot;codes&quot; does not contain correct error code expected [true] but found [false],
	&quot;codes&quot; does not contain correct error code expected [true] but found [false]" type="java.lang.AssertionError">java.lang.AssertionError: The following asserts failed:
	&quot;codes&quot; does not contain correct error code expected [true] but found [false],
	&quot;codes&quot; does not contain correct error code expected [true] but found [false]
	at org.testng.asserts.SoftAssert.assertAll(SoftAssert.java:47)
	at org.testng.asserts.SoftAssert.assertAll(SoftAssert.java:31)
	at WrongLoginTest.incorrectEmail1(WrongLoginTest.java:50)
</failure>
  </testcase>
  <testcase classname="WrongLoginTest" name="incorrectEmail2" time="0.203">
    <failure message="The following asserts failed:
	&quot;codes&quot; does not contain correct error code expected [true] but found [false],
	&quot;codes&quot; does not contain correct error code expected [true] but found [false],
	&quot;codes&quot; does not contain correct error code expected [true] but found [false]" type="java.lang.AssertionError">java.lang.AssertionError: The following asserts failed:
	&quot;codes&quot; does not contain correct error code expected [true] but found [false],
	&quot;codes&quot; does not contain correct error code expected [true] but found [false],
	&quot;codes&quot; does not contain correct error code expected [true] but found [false]
	at org.testng.asserts.SoftAssert.assertAll(SoftAssert.java:47)
	at org.testng.asserts.SoftAssert.assertAll(SoftAssert.java:31)
	at WrongLoginTest.incorrectEmail2(WrongLoginTest.java:74)
</failure>
  </testcase>
  <testcase classname="WrongLoginTest" name="incorrectEmail3" time="0.196">
    <failure message="The following asserts failed:
	&quot;codes&quot; does not contain correct error code expected [true] but found [false],
	&quot;codes&quot; does not contain correct error code expected [true] but found [false],
	&quot;codes&quot; does not contain correct error code expected [true] but found [false],
	&quot;codes&quot; does not contain correct error code expected [true] but found [false]" type="java.lang.AssertionError">java.lang.AssertionError: The following asserts failed:
	&quot;codes&quot; does not contain correct error code expected [true] but found [false],
	&quot;codes&quot; does not contain correct error code expected [true] but found [false],
	&quot;codes&quot; does not contain correct error code expected [true] but found [false],
	&quot;codes&quot; does not contain correct error code expected [true] but found [false]
	at org.testng.asserts.SoftAssert.assertAll(SoftAssert.java:47)
	at org.testng.asserts.SoftAssert.assertAll(SoftAssert.java:31)
	at WrongLoginTest.incorrectEmail3(WrongLoginTest.java:99)
</failure>
  </testcase>
  <testcase classname="WrongLoginTest" name="incorrectEmail4" time="0.198">
    <failure message="The following asserts failed:
	&quot;codes&quot; does not contain correct error code expected [true] but found [false],
	&quot;codes&quot; does not contain correct error code expected [true] but found [false],
	&quot;codes&quot; does not contain correct error code expected [true] but found [false],
	&quot;codes&quot; does not contain correct error code expected [true] but found [false],
	&quot;codes&quot; does not contain correct error code expected [true] but found [false]" type="java.lang.AssertionError">java.lang.AssertionError: The following asserts failed:
	&quot;codes&quot; does not contain correct error code expected [true] but found [false],
	&quot;codes&quot; does not contain correct error code expected [true] but found [false],
	&quot;codes&quot; does not contain correct error code expected [true] but found [false],
	&quot;codes&quot; does not contain correct error code expected [true] but found [false],
	&quot;codes&quot; does not contain correct error code expected [true] but found [false]
	at org.testng.asserts.SoftAssert.assertAll(SoftAssert.java:47)
	at org.testng.asserts.SoftAssert.assertAll(SoftAssert.java:31)
	at WrongLoginTest.incorrectEmail4(WrongLoginTest.java:125)
</failure>
  </testcase>
  <testcase classname="WrongLoginTest" name="incorrectEmail5" time="0.33">
    <failure message="The following asserts failed:
	&quot;codes&quot; does not contain correct error code expected [true] but found [false],
	&quot;codes&quot; does not contain correct error code expected [true] but found [false],
	&quot;codes&quot; does not contain correct error code expected [true] but found [false],
	&quot;codes&quot; does not contain correct error code expected [true] but found [false],
	&quot;codes&quot; does not contain correct error code expected [true] but found [false],
	&quot;codes&quot; does not contain correct error code expected [true] but found [false]" type="java.lang.AssertionError">java.lang.AssertionError: The following asserts failed:
	&quot;codes&quot; does not contain correct error code expected [true] but found [false],
	&quot;codes&quot; does not contain correct error code expected [true] but found [false],
	&quot;codes&quot; does not contain correct error code expected [true] but found [false],
	&quot;codes&quot; does not contain correct error code expected [true] but found [false],
	&quot;codes&quot; does not contain correct error code expected [true] but found [false],
	&quot;codes&quot; does not contain correct error code expected [true] but found [false]
	at org.testng.asserts.SoftAssert.assertAll(SoftAssert.java:47)
	at org.testng.asserts.SoftAssert.assertAll(SoftAssert.java:31)
	at WrongLoginTest.incorrectEmail5(WrongLoginTest.java:149)
</failure>
  </testcase>
  <testcase classname="WrongLoginTest" name="userDoesNotExist" time="0.201">
    <failure message="The following asserts failed:
	&quot;codes&quot; does not contain correct error code expected [true] but found [false],
	&quot;codes&quot; does not contain correct error code expected [true] but found [false],
	&quot;codes&quot; does not contain correct error code expected [true] but found [false],
	&quot;codes&quot; does not contain correct error code expected [true] but found [false],
	&quot;codes&quot; does not contain correct error code expected [true] but found [false],
	&quot;codes&quot; does not contain correct error code expected [true] but found [false]" type="java.lang.AssertionError">java.lang.AssertionError: The following asserts failed:
	&quot;codes&quot; does not contain correct error code expected [true] but found [false],
	&quot;codes&quot; does not contain correct error code expected [true] but found [false],
	&quot;codes&quot; does not contain correct error code expected [true] but found [false],
	&quot;codes&quot; does not contain correct error code expected [true] but found [false],
	&quot;codes&quot; does not contain correct error code expected [true] but found [false],
	&quot;codes&quot; does not contain correct error code expected [true] but found [false]
	at org.testng.asserts.SoftAssert.assertAll(SoftAssert.java:47)
	at org.testng.asserts.SoftAssert.assertAll(SoftAssert.java:31)
	at WrongLoginTest.userDoesNotExist(WrongLoginTest.java:173)
</failure>
  </testcase>
  <testcase classname="WrongLoginTest" name="withoutEmail" time="0.184">
    <failure message="The following asserts failed:
	&quot;codes&quot; does not contain correct error code expected [true] but found [false],
	&quot;codes&quot; does not contain correct error code expected [true] but found [false],
	&quot;codes&quot; does not contain correct error code expected [true] but found [false],
	&quot;codes&quot; does not contain correct error code expected [true] but found [false],
	&quot;codes&quot; does not contain correct error code expected [true] but found [false],
	&quot;codes&quot; does not contain correct error code expected [true] but found [false],
	&quot;codes&quot; does not contain correct error code expected [true] but found [false]" type="java.lang.AssertionError">java.lang.AssertionError: The following asserts failed:
	&quot;codes&quot; does not contain correct error code expected [true] but found [false],
	&quot;codes&quot; does not contain correct error code expected [true] but found [false],
	&quot;codes&quot; does not contain correct error code expected [true] but found [false],
	&quot;codes&quot; does not contain correct error code expected [true] but found [false],
	&quot;codes&quot; does not contain correct error code expected [true] but found [false],
	&quot;codes&quot; does not contain correct error code expected [true] but found [false],
	&quot;codes&quot; does not contain correct error code expected [true] but found [false]
	at org.testng.asserts.SoftAssert.assertAll(SoftAssert.java:47)
	at org.testng.asserts.SoftAssert.assertAll(SoftAssert.java:31)
	at WrongLoginTest.withoutEmail(WrongLoginTest.java:292)
</failure>
  </testcase>
  <testcase classname="WrongLoginTest" name="withoutEmailAndPassword" time="0.187">
    <failure message="The following asserts failed:
	&quot;codes&quot; does not contain correct error code expected [true] but found [false],
	&quot;codes&quot; does not contain correct error code expected [true] but found [false],
	&quot;codes&quot; does not contain correct error code expected [true] but found [false],
	&quot;codes&quot; does not contain correct error code expected [true] but found [false],
	&quot;codes&quot; does not contain correct error code expected [true] but found [false],
	&quot;codes&quot; does not contain correct error code expected [true] but found [false],
	&quot;codes&quot; does not contain correct error code expected [true] but found [false],
	&quot;codes&quot; does not contain correct error code expected [true] but found [false],
	&quot;codes&quot; does not contain correct error code expected [true] but found [false]" type="java.lang.AssertionError">java.lang.AssertionError: The following asserts failed:
	&quot;codes&quot; does not contain correct error code expected [true] but found [false],
	&quot;codes&quot; does not contain correct error code expected [true] but found [false],
	&quot;codes&quot; does not contain correct error code expected [true] but found [false],
	&quot;codes&quot; does not contain correct error code expected [true] but found [false],
	&quot;codes&quot; does not contain correct error code expected [true] but found [false],
	&quot;codes&quot; does not contain correct error code expected [true] but found [false],
	&quot;codes&quot; does not contain correct error code expected [true] but found [false],
	&quot;codes&quot; does not contain correct error code expected [true] but found [false],
	&quot;codes&quot; does not contain correct error code expected [true] but found [false]
	at org.testng.asserts.SoftAssert.assertAll(SoftAssert.java:47)
	at org.testng.asserts.SoftAssert.assertAll(SoftAssert.java:31)
	at WrongLoginTest.withoutEmailAndPassword(WrongLoginTest.java:316)
</failure>
  </testcase>
  <testcase classname="AllNewsPageGetTest" name="allNewsPageGetTest" time="0.273"/>
  <testcase classname="DeletePostTest" name="deletePostTest" time="0.627"/>
  <testcase classname="WrongGetUserPostTest" name="getPostTest" time="0.238"/>
  <testcase classname="WrongGetUserPostTest" name="getUserPostTest" time="0.264"/>
  <testcase classname="WrongGetUserPostTest" name="getUserPostWithPageEqual0" time="0.199">
    <failure message="Cannot invoke &quot;java.util.List.contains(Object)&quot; because &quot;codes&quot; is null" type="java.lang.NullPointerException">java.lang.NullPointerException: Cannot invoke &quot;java.util.List.contains(Object)&quot; because &quot;codes&quot; is null
	at WrongGetUserPostTest.getUserPostWithPageEqual0(WrongGetUserPostTest.java:105)
</failure>
  </testcase>
  <testcase classname="WrongGetUserPostTest" name="getUserPostWithPerPageEqual0" time="0.21">
    <failure message="Cannot invoke &quot;java.util.List.contains(Object)&quot; because &quot;codes&quot; is null" type="java.lang.NullPointerException">java.lang.NullPointerException: Cannot invoke &quot;java.util.List.contains(Object)&quot; because &quot;codes&quot; is null
	at WrongGetUserPostTest.getUserPostWithPerPageEqual0(WrongGetUserPostTest.java:129)
</failure>
  </testcase>
  <testcase classname="WrongGetUserPostTest" name="getUserPostWithoutPage" time="0.202">
    <failure message="The following asserts failed:
	Wrong &quot;success&quot; expected [true] but found [false],
	Wrong &quot;success&quot; expected [true] but found [false],
	&quot;codes&quot; does not contain correct error code expected [true] but found [false]" type="java.lang.AssertionError">java.lang.AssertionError: The following asserts failed:
	Wrong &quot;success&quot; expected [true] but found [false],
	Wrong &quot;success&quot; expected [true] but found [false],
	&quot;codes&quot; does not contain correct error code expected [true] but found [false]
	at org.testng.asserts.SoftAssert.assertAll(SoftAssert.java:47)
	at org.testng.asserts.SoftAssert.assertAll(SoftAssert.java:31)
	at WrongGetUserPostTest.getUserPostWithoutPage(WrongGetUserPostTest.java:37)
</failure>
  </testcase>
  <testcase classname="WrongGetUserPostTest" name="getUserPostWithoutPerPage" time="0.188">
    <failure message="The following asserts failed:
	Wrong &quot;success&quot; expected [true] but found [false],
	Wrong &quot;success&quot; expected [true] but found [false],
	&quot;codes&quot; does not contain correct error code expected [true] but found [false],
	&quot;codes&quot; does not contain correct error code expected [true] but found [false]" type="java.lang.AssertionError">java.lang.AssertionError: The following asserts failed:
	Wrong &quot;success&quot; expected [true] but found [false],
	Wrong &quot;success&quot; expected [true] but found [false],
	&quot;codes&quot; does not contain correct error code expected [true] but found [false],
	&quot;codes&quot; does not contain correct error code expected [true] but found [false]
	at org.testng.asserts.SoftAssert.assertAll(SoftAssert.java:47)
	at org.testng.asserts.SoftAssert.assertAll(SoftAssert.java:31)
	at WrongGetUserPostTest.getUserPostWithoutPerPage(WrongGetUserPostTest.java:60)
</failure>
  </testcase>
  <testcase classname="WrongGetUserPostTest" name="getUserPostWithoutToken" time="0.19">
    <failure message="The following asserts failed:
	Wrong &quot;success&quot; expected [true] but found [false],
	Wrong &quot;success&quot; expected [true] but found [false],
	&quot;codes&quot; does not contain correct error code expected [true] but found [false],
	&quot;codes&quot; does not contain correct error code expected [true] but found [false]" type="java.lang.AssertionError">java.lang.AssertionError: The following asserts failed:
	Wrong &quot;success&quot; expected [true] but found [false],
	Wrong &quot;success&quot; expected [true] but found [false],
	&quot;codes&quot; does not contain correct error code expected [true] but found [false],
	&quot;codes&quot; does not contain correct error code expected [true] but found [false]
	at org.testng.asserts.SoftAssert.assertAll(SoftAssert.java:47)
	at org.testng.asserts.SoftAssert.assertAll(SoftAssert.java:31)
	at WrongGetUserPostTest.getUserPostWithoutToken(WrongGetUserPostTest.java:83)
</failure>
  </testcase>
  <testcase classname="WrongGetFileTest" name="getFileWithoutFileNameTest" time="0.44"/>
  <testcase classname="WrongDeletePostTest" name="deletePostTestWithWrongId" time="0.376"/>
  <testcase classname="WrongDeletePostTest" name="deletePostTestWithoutToken" time="0.555"/>
  <testcase classname="WrongGetPostTest" name="getPostWithPageEqual0" time="0.188">
    <failure message="Cannot invoke &quot;java.util.List.contains(Object)&quot; because &quot;codes&quot; is null" type="java.lang.NullPointerException">java.lang.NullPointerException: Cannot invoke &quot;java.util.List.contains(Object)&quot; because &quot;codes&quot; is null
	at WrongGetPostTest.getPostWithPageEqual0(WrongGetPostTest.java:77)
</failure>
  </testcase>
  <testcase classname="WrongGetPostTest" name="getPostWithPerPageEqual0" time="0.187">
    <failure message="Cannot invoke &quot;java.util.List.contains(Object)&quot; because &quot;codes&quot; is null" type="java.lang.NullPointerException">java.lang.NullPointerException: Cannot invoke &quot;java.util.List.contains(Object)&quot; because &quot;codes&quot; is null
	at WrongGetPostTest.getPostWithPerPageEqual0(WrongGetPostTest.java:99)
</failure>
  </testcase>
  <testcase classname="WrongGetPostTest" name="getPostWithoutPage" time="0.185">
    <failure message="The following asserts failed:
	Wrong &quot;success&quot; expected [true] but found [false],
	Wrong &quot;success&quot; expected [true] but found [false],
	&quot;codes&quot; does not contain correct error code expected [true] but found [false]" type="java.lang.AssertionError">java.lang.AssertionError: The following asserts failed:
	Wrong &quot;success&quot; expected [true] but found [false],
	Wrong &quot;success&quot; expected [true] but found [false],
	&quot;codes&quot; does not contain correct error code expected [true] but found [false]
	at org.testng.asserts.SoftAssert.assertAll(SoftAssert.java:47)
	at org.testng.asserts.SoftAssert.assertAll(SoftAssert.java:31)
	at WrongGetPostTest.getPostWithoutPage(WrongGetPostTest.java:36)
</failure>
  </testcase>
  <testcase classname="WrongGetPostTest" name="getPostWithoutPerPage" time="0.179">
    <failure message="The following asserts failed:
	Wrong &quot;success&quot; expected [true] but found [false],
	Wrong &quot;success&quot; expected [true] but found [false],
	&quot;codes&quot; does not contain correct error code expected [true] but found [false],
	&quot;codes&quot; does not contain correct error code expected [true] but found [false]" type="java.lang.AssertionError">java.lang.AssertionError: The following asserts failed:
	Wrong &quot;success&quot; expected [true] but found [false],
	Wrong &quot;success&quot; expected [true] but found [false],
	&quot;codes&quot; does not contain correct error code expected [true] but found [false],
	&quot;codes&quot; does not contain correct error code expected [true] but found [false]
	at org.testng.asserts.SoftAssert.assertAll(SoftAssert.java:47)
	at org.testng.asserts.SoftAssert.assertAll(SoftAssert.java:31)
	at WrongGetPostTest.getPostWithoutPerPage(WrongGetPostTest.java:57)
</failure>
  </testcase>
  <testcase classname="WrongRegistrationTest" name="regWithEmptyAllFields" time="0.186"/>
  <testcase classname="WrongRegistrationTest" name="regWithExistingEmail" time="0.456"/>
  <testcase classname="WrongRegistrationTest" name="regWithNullAllFields" time="0.193"/>
  <testcase classname="WrongRegistrationTest" name="regWithWrongName" time="0.197"/>
  <testcase classname="WrongRegistrationTest" name="regWithWrongRole" time="0.181"/>
  <testcase classname="WrongRegistrationTest" name="regWithoutEmail" time="0.194"/>
  <testcase classname="WrongRegistrationTest" name="regWithoutName" time="0.199"/>
  <testcase classname="WrongRegistrationTest" name="regWithoutPassword" time="0.19">
    <failure message="The following asserts failed:
	&quot;codes&quot; does not contain correct error code expected [true] but found [false]" type="java.lang.AssertionError">java.lang.AssertionError: The following asserts failed:
	&quot;codes&quot; does not contain correct error code expected [true] but found [false]
	at org.testng.asserts.SoftAssert.assertAll(SoftAssert.java:47)
	at org.testng.asserts.SoftAssert.assertAll(SoftAssert.java:31)
	at WrongRegistrationTest.regWithoutPassword(WrongRegistrationTest.java:121)
</failure>
  </testcase>
  <testcase classname="WrongRegistrationTest" name="regWithoutRole" time="0.194">
    <failure message="The following asserts failed:
	&quot;codes&quot; does not contain correct error code expected [true] but found [false]" type="java.lang.AssertionError">java.lang.AssertionError: The following asserts failed:
	&quot;codes&quot; does not contain correct error code expected [true] but found [false]
	at org.testng.asserts.SoftAssert.assertAll(SoftAssert.java:47)
	at org.testng.asserts.SoftAssert.assertAll(SoftAssert.java:31)
	at WrongRegistrationTest.regWithoutRole(WrongRegistrationTest.java:139)
</failure>
  </testcase>
  <testcase classname="WrongUploadFileTest" name="uploadFileWithNonFormDataTest" time="0.197"/>
  <testcase classname="UploadFileTest" name="uploadFileTest" time="0.189"/>
  <testcase classname="DeleteUserTest" name="deleteUser" time="0.526"/>
  <testcase classname="DeleteUserTest" name="deleteWithEmptyToken" time="1.201"/>
  <testcase classname="DeleteUserTest" name="deleteWithoutToken" time="0.691"/>
  <testcase classname="WrongGetUserInfoTest" name="withWrongUserId" time="0.209"/>
  <testcase classname="ChangePostTest" name="changePostTest" time="0.948"/>
  <testcase classname="WrongGetSpecificPostTest" name="getPostTest" time="0.246"/>
  <testcase classname="WrongGetSpecificPostTest" name="getUserPostTest" time="0.246"/>
  <testcase classname="WrongGetSpecificPostTest" name="getPostWithoutPageTest" time="0.184">
    <failure message="The following asserts failed:
	&quot;codes&quot; does not contain correct error code expected [true] but found [false]" type="java.lang.AssertionError">java.lang.AssertionError: The following asserts failed:
	&quot;codes&quot; does not contain correct error code expected [true] but found [false]
	at org.testng.asserts.SoftAssert.assertAll(SoftAssert.java:47)
	at org.testng.asserts.SoftAssert.assertAll(SoftAssert.java:31)
	at WrongGetSpecificPostTest.getPostWithoutPageTest(WrongGetSpecificPostTest.java:38)
</failure>
  </testcase>
  <testcase classname="WrongGetSpecificPostTest" name="getPostWithoutPerPageTest" time="0.206">
    <failure message="The following asserts failed:
	&quot;codes&quot; does not contain correct error code expected [true] but found [false],
	&quot;codes&quot; does not contain correct error code expected [true] but found [false]" type="java.lang.AssertionError">java.lang.AssertionError: The following asserts failed:
	&quot;codes&quot; does not contain correct error code expected [true] but found [false],
	&quot;codes&quot; does not contain correct error code expected [true] but found [false]
	at org.testng.asserts.SoftAssert.assertAll(SoftAssert.java:47)
	at org.testng.asserts.SoftAssert.assertAll(SoftAssert.java:31)
	at WrongGetSpecificPostTest.getPostWithoutPerPageTest(WrongGetSpecificPostTest.java:63)
</failure>
  </testcase>
  <testcase classname="GetPostTest" name="getPostTest" time="0.227"/>
  <testcase classname="GetPostTest" name="getUserPostTest" time="0.242"/>
  <testcase classname="SuccessRegistrationTest" name="registrationTest" time="0.483"/>
  <testcase classname="ChangeUserInfoTest" name="changeUserInfoSuccess" time="0.221"/>
  <testcase classname="WrongChangePostTest" name="wrongChangePostTestWithEmptyDescription" time="0.547"/>
  <testcase classname="WrongChangePostTest" name="wrongChangePostTestWithEmptyTags" time="0.544"/>
  <testcase classname="WrongChangePostTest" name="wrongChangePostTestWithEmptyTitle" time="0.528"/>
  <testcase classname="WrongChangePostTest" name="wrongChangePostTestWithWrongId" time="0.385"/>
  <testcase classname="WrongChangePostTest" name="wrongChangePostTestWithoutDescription" time="0.555"/>
  <testcase classname="WrongChangePostTest" name="wrongChangePostTestWithoutImage" time="0.548"/>
  <testcase classname="WrongChangePostTest" name="wrongChangePostTestWithoutTitle" time="0.564"/>
  <testcase classname="WrongChangePostTest" name="wrongChangePostTestWithoutToken" time="0.532"/>
</testsuite>