<?xml version="1.0" encoding="UTF-8"?>
<!-- Generated by org.testng.reporters.JUnitReportReporter -->
<testsuite hostname="Mac-mini-DuniceEdCast.local" failures="0" tests="1" name="GetFileTest" time="0.426" errors="0" timestamp="2021-12-27T16:47:06 MSK" skipped="0">
  <testcase classname="GetFileTest" name="getFileTest" time="0.426"/>
  <system-out/>
</testsuite> <!-- GetFileTest -->
