<?xml version="1.0" encoding="UTF-8"?>
<!-- Generated by org.testng.reporters.JUnitReportReporter -->
<testsuite hostname="Mac-mini-DuniceEdCast.local" failures="0" tests="1" name="SuccessRegistrationTest" time="0.399" errors="0" timestamp="2021-12-27T16:47:06 MSK" skipped="0">
  <testcase classname="SuccessRegistrationTest" name="registrationTest" time="0.399"/>
  <system-out/>
</testsuite> <!-- SuccessRegistrationTest -->
