<?xml version="1.0" encoding="UTF-8"?>
<!-- Generated by org.testng.reporters.JUnitReportReporter -->
<testsuite hostname="Mac-mini-DuniceEdCast.local" failures="0" tests="8" name="WrongChangePostTest" time="13.058" errors="0" timestamp="2021-12-29T12:56:54 MSK" skipped="0">
  <testcase classname="WrongChangePostTest" name="wrongChangePostTestWithoutToken" time="0.998"/>
  <system-out/>
  <testcase classname="WrongChangePostTest" name="wrongChangePostTestWithWrongId" time="0.812"/>
  <system-out/>
  <testcase classname="WrongChangePostTest" name="wrongChangePostTestWithoutImage" time="1.079"/>
  <system-out/>
  <testcase classname="WrongChangePostTest" name="wrongChangePostTestWithEmptyDescription" time="1.064"/>
  <system-out/>
  <testcase classname="WrongChangePostTest" name="wrongChangePostTestWithoutTitle" time="1.032"/>
  <system-out/>
  <testcase classname="WrongChangePostTest" name="wrongChangePostTestWithEmptyTitle" time="0.987"/>
  <system-out/>
  <testcase classname="WrongChangePostTest" name="wrongChangePostTestWithoutDescription" time="6.080"/>
  <system-out/>
  <testcase classname="WrongChangePostTest" name="wrongChangePostTestWithEmptyTags" time="1.006"/>
  <system-out/>
</testsuite> <!-- WrongChangePostTest -->
