<?xml version="1.0" encoding="UTF-8"?>
<!-- Generated by org.testng.reporters.JUnitReportReporter -->
<testsuite hostname="Mac-mini-DuniceEdCast.local" failures="0" tests="2" name="GetPostTest" time="0.000" errors="0" timestamp="2021-12-27T16:47:06 MSK" skipped="2">
  <testcase classname="GetPostTest" name="getUserPostTest" time="0.000">
    <skipped/>
  </testcase> <!-- getUserPostTest -->
  <system-out/>
  <testcase classname="GetPostTest" name="getPostTest" time="0.000">
    <skipped/>
  </testcase> <!-- getPostTest -->
  <system-out/>
</testsuite> <!-- GetPostTest -->
