<?xml version="1.0" encoding="UTF-8"?>
<!-- Generated by org.testng.reporters.JUnitReportReporter -->
<testsuite hostname="Mac-mini-DuniceEdCast.local" failures="0" tests="2" name="WrongDeletePostTest" time="6.953" errors="0" timestamp="2021-12-30T10:21:49 MSK" skipped="0">
  <testcase classname="WrongDeletePostTest" name="deletePostTestWithoutToken" time="6.095"/>
  <system-out/>
  <testcase classname="WrongDeletePostTest" name="deletePostTestWithWrongId" time="0.858"/>
  <system-out/>
</testsuite> <!-- WrongDeletePostTest -->
