<?xml version="1.0" encoding="UTF-8"?>
<!-- Generated by org.testng.reporters.JUnitReportReporter -->
<testsuite hostname="Mac-mini-DuniceEdCast.local" failures="0" tests="2" name="WrongDeletePostTest" time="2.030" errors="0" timestamp="2021-12-29T12:56:54 MSK" skipped="0">
  <testcase classname="WrongDeletePostTest" name="deletePostTestWithoutToken" time="1.031"/>
  <system-out/>
  <testcase classname="WrongDeletePostTest" name="deletePostTestWithWrongId" time="0.999"/>
  <system-out/>
</testsuite> <!-- WrongDeletePostTest -->
