<?xml version="1.0" encoding="UTF-8"?>
<!-- Generated by org.testng.reporters.JUnitReportReporter -->
<testsuite hostname="Mac-mini-DuniceEdCast.local" failures="0" tests="8" name="WrongChangePostTest" time="13.671" errors="0" timestamp="2021-12-29T11:35:18 MSK" skipped="0">
  <testcase classname="WrongChangePostTest" name="wrongChangePostTestWithoutToken" time="1.060"/>
  <system-out/>
  <testcase classname="WrongChangePostTest" name="wrongChangePostTestWithWrongId" time="0.904"/>
  <system-out/>
  <testcase classname="WrongChangePostTest" name="wrongChangePostTestWithoutImage" time="1.030"/>
  <system-out/>
  <testcase classname="WrongChangePostTest" name="wrongChangePostTestWithEmptyDescription" time="1.111"/>
  <system-out/>
  <testcase classname="WrongChangePostTest" name="wrongChangePostTestWithoutTitle" time="1.054"/>
  <system-out/>
  <testcase classname="WrongChangePostTest" name="wrongChangePostTestWithEmptyTitle" time="1.479"/>
  <system-out/>
  <testcase classname="WrongChangePostTest" name="wrongChangePostTestWithoutDescription" time="6.035"/>
  <system-out/>
  <testcase classname="WrongChangePostTest" name="wrongChangePostTestWithEmptyTags" time="0.998"/>
  <system-out/>
</testsuite> <!-- WrongChangePostTest -->
