<?xml version="1.0" encoding="UTF-8"?>
<!-- Generated by org.testng.reporters.JUnitReportReporter -->
<testsuite hostname="Mac-mini-DuniceEdCast.local" failures="0" tests="1" name="SuccessRegistrationTest" time="5.369" errors="0" timestamp="2021-12-29T12:56:54 MSK" skipped="0">
  <testcase classname="SuccessRegistrationTest" name="registrationTest" time="5.369"/>
  <system-out/>
</testsuite> <!-- SuccessRegistrationTest -->
