<?xml version="1.0" encoding="UTF-8"?>
<!-- Generated by org.testng.reporters.JUnitReportReporter -->
<testsuite hostname="Mac-mini-DuniceEdCast.local" failures="0" tests="1" name="WrongGetFileTest" time="0.468" errors="0" timestamp="2021-12-27T16:47:06 MSK" skipped="0">
  <testcase classname="WrongGetFileTest" name="getFileWithoutFileNameTest" time="0.468"/>
  <system-out/>
</testsuite> <!-- WrongGetFileTest -->
