<?xml version="1.0" encoding="UTF-8"?>
<!-- Generated by org.testng.reporters.JUnitReportReporter -->
<testsuite hostname="Mac-mini-DuniceEdCast.local" failures="0" tests="3" name="DeleteUserTest" time="1.737" errors="0" timestamp="2021-12-29T11:35:18 MSK" skipped="0">
  <testcase classname="DeleteUserTest" name="deleteUser" time="0.454"/>
  <system-out/>
  <testcase classname="DeleteUserTest" name="deleteWithEmptyToken" time="0.646"/>
  <system-out/>
  <testcase classname="DeleteUserTest" name="deleteWithoutToken" time="0.637"/>
  <system-out/>
</testsuite> <!-- DeleteUserTest -->
