<?xml version="1.0" encoding="UTF-8"?>
<!-- Generated by org.testng.reporters.JUnitReportReporter -->
<testsuite hostname="Mac-mini-DuniceEdCast.local" failures="0" tests="1" name="AllNewsPageGetTest" time="0.353" errors="0" timestamp="2021-12-29T12:56:54 MSK" skipped="0">
  <testcase classname="AllNewsPageGetTest" name="allNewsPageGetTest" time="0.353"/>
  <system-out/>
</testsuite> <!-- AllNewsPageGetTest -->
