<?xml version="1.0" encoding="UTF-8"?>
<!-- Generated by org.testng.reporters.JUnitReportReporter -->
<testsuite hostname="Mac-mini-DuniceEdCast.local" failures="0" tests="2" name="GetPostTest" time="1.783" errors="0" timestamp="2021-12-29T11:35:18 MSK" skipped="0">
  <testcase classname="GetPostTest" name="getUserPostTest" time="0.886"/>
  <system-out/>
  <testcase classname="GetPostTest" name="getPostTest" time="0.897"/>
  <system-out/>
</testsuite> <!-- GetPostTest -->
