<?xml version="1.0" encoding="UTF-8"?>
<!-- Generated by org.testng.reporters.JUnitReportReporter -->
<testsuite hostname="Mac-mini-DuniceEdCast.local" failures="0" tests="3" name="DeleteUserTest" time="7.429" errors="0" timestamp="2021-12-29T18:12:55 MSK" skipped="0">
  <testcase classname="DeleteUserTest" name="deleteWithEmptyToken" time="1.205"/>
  <system-out/>
  <testcase classname="DeleteUserTest" name="deleteUser" time="0.527"/>
  <system-out/>
  <testcase classname="DeleteUserTest" name="deleteWithoutToken" time="5.697"/>
  <system-out/>
</testsuite> <!-- DeleteUserTest -->
