<?xml version="1.0" encoding="UTF-8"?>
<!-- Generated by org.testng.reporters.JUnitReportReporter -->
<testsuite hostname="Mac-mini-DuniceEdCast.local" failures="0" tests="1" name="CreatePostTest" time="6.435" errors="0" timestamp="2021-12-29T11:40:50 MSK" skipped="0">
  <testcase classname="CreatePostTest" name="createPostTest" time="6.435"/>
  <system-out/>
</testsuite> <!-- CreatePostTest -->
