<?xml version="1.0" encoding="UTF-8"?>
<!-- Generated by org.testng.reporters.JUnitReportReporter -->
<testsuite hostname="Mac-mini-DuniceEdCast.local" failures="0" tests="1" name="SuccessAuthorizationTest" time="0.950" errors="0" timestamp="2021-12-29T18:12:55 MSK" skipped="0">
  <testcase classname="SuccessAuthorizationTest" name="successAuthorizationTest" time="0.950"/>
  <system-out/>
</testsuite> <!-- SuccessAuthorizationTest -->
