<?xml version="1.0" encoding="UTF-8"?>
<!-- Generated by org.testng.reporters.JUnitReportReporter -->
<testsuite hostname="Mac-mini-DuniceEdCast.local" failures="0" tests="1" name="WrongGetFileTest" time="0.471" errors="0" timestamp="2021-12-29T11:35:18 MSK" skipped="0">
  <testcase classname="WrongGetFileTest" name="getFileWithoutFileNameTest" time="0.471"/>
  <system-out/>
</testsuite> <!-- WrongGetFileTest -->
