<?xml version="1.0" encoding="UTF-8"?>
<!-- Generated by org.testng.reporters.JUnitReportReporter -->
<testsuite hostname="Mac-mini-DuniceEdCast.local" failures="0" tests="3" name="DeleteUserTest" time="10.248" errors="0" timestamp="2021-12-30T11:37:50 MSK" skipped="0">
  <testcase classname="DeleteUserTest" name="deleteUser" time="8.718"/>
  <system-out/>
  <testcase classname="DeleteUserTest" name="deleteWithEmptyToken" time="0.783"/>
  <system-out/>
  <testcase classname="DeleteUserTest" name="deleteWithoutToken" time="0.747"/>
  <system-out/>
</testsuite> <!-- DeleteUserTest -->
