<?xml version="1.0" encoding="UTF-8"?>
<!-- Generated by org.testng.reporters.JUnitReportReporter -->
<testsuite hostname="Mac-mini-DuniceEdCast.local" failures="0" tests="1" name="WrongGetUserInfoTest" time="0.201" errors="0" timestamp="2021-12-30T10:21:49 MSK" skipped="0">
  <testcase classname="WrongGetUserInfoTest" name="withWrongUserId" time="0.201"/>
  <system-out/>
</testsuite> <!-- WrongGetUserInfoTest -->
