<?xml version="1.0" encoding="UTF-8"?>
<!-- Generated by org.testng.reporters.JUnitReportReporter -->
<testsuite hostname="Mac-mini-DuniceEdCast.local" failures="0" tests="3" name="DeleteUserTest" time="1.814" errors="0" timestamp="2021-12-29T12:56:54 MSK" skipped="0">
  <testcase classname="DeleteUserTest" name="deleteUser" time="0.478"/>
  <system-out/>
  <testcase classname="DeleteUserTest" name="deleteWithEmptyToken" time="0.653"/>
  <system-out/>
  <testcase classname="DeleteUserTest" name="deleteWithoutToken" time="0.683"/>
  <system-out/>
</testsuite> <!-- DeleteUserTest -->
