<?xml version="1.0" encoding="UTF-8"?>
<!-- Generated by org.testng.reporters.JUnitReportReporter -->
<testsuite hostname="Mac-mini-DuniceEdCast.local" failures="0" tests="2" name="GetUserInfoTest" time="1.804" errors="0" timestamp="2021-12-29T18:12:55 MSK" skipped="0">
  <testcase classname="GetUserInfoTest" name="getUserInfoByIdTest" time="0.769"/>
  <system-out/>
  <testcase classname="GetUserInfoTest" name="getUsers" time="1.035"/>
  <system-out/>
</testsuite> <!-- GetUserInfoTest -->
