<?xml version="1.0" encoding="UTF-8"?>
<!-- Generated by org.testng.reporters.JUnitReportReporter -->
<testsuite hostname="Mac-mini-DuniceEdCast.local" failures="0" tests="8" name="WrongChangePostTest" time="17.959" errors="0" timestamp="2021-12-29T18:12:55 MSK" skipped="0">
  <testcase classname="WrongChangePostTest" name="wrongChangePostTestWithWrongId" time="0.844"/>
  <system-out/>
  <testcase classname="WrongChangePostTest" name="wrongChangePostTestWithoutTitle" time="1.020"/>
  <system-out/>
  <testcase classname="WrongChangePostTest" name="wrongChangePostTestWithEmptyTitle" time="6.094"/>
  <system-out/>
  <testcase classname="WrongChangePostTest" name="wrongChangePostTestWithEmptyTags" time="0.994"/>
  <system-out/>
  <testcase classname="WrongChangePostTest" name="wrongChangePostTestWithEmptyDescription" time="0.991"/>
  <system-out/>
  <testcase classname="WrongChangePostTest" name="wrongChangePostTestWithoutImage" time="1.006"/>
  <system-out/>
  <testcase classname="WrongChangePostTest" name="wrongChangePostTestWithoutToken" time="6.007"/>
  <system-out/>
  <testcase classname="WrongChangePostTest" name="wrongChangePostTestWithoutDescription" time="1.003"/>
  <system-out/>
</testsuite> <!-- WrongChangePostTest -->
