<?xml version="1.0" encoding="UTF-8"?>
<!-- Generated by org.testng.reporters.JUnitReportReporter -->
<testsuite hostname="Mac-mini-DuniceEdCast.local" failures="0" tests="1" name="WrongUploadFileTest" time="0.273" errors="0" timestamp="2021-12-30T11:14:10 MSK" skipped="0">
  <testcase classname="WrongUploadFileTest" name="uploadFileWithNonFormDataTest" time="0.273"/>
  <system-out/>
</testsuite> <!-- WrongUploadFileTest -->
