<?xml version="1.0" encoding="UTF-8"?>
<!-- Generated by org.testng.reporters.JUnitReportReporter -->
<testsuite hostname="Mac-mini-DuniceEdCast.local" failures="0" tests="1" name="CreatePostTest" time="0.825" errors="0" timestamp="2021-12-30T10:21:49 MSK" skipped="0">
  <testcase classname="CreatePostTest" name="createPostTest" time="0.825"/>
  <system-out/>
</testsuite> <!-- CreatePostTest -->
