<?xml version="1.0" encoding="UTF-8"?>
<!-- Generated by org.testng.reporters.JUnitReportReporter -->
<testsuite hostname="Mac-mini-DuniceEdCast.local" failures="0" tests="1" name="ChangeUserInfoTest" time="0.702" errors="0" timestamp="2021-12-29T12:56:54 MSK" skipped="0">
  <testcase classname="ChangeUserInfoTest" name="changeUserInfoSuccess" time="0.702"/>
  <system-out/>
</testsuite> <!-- ChangeUserInfoTest -->
