<?xml version="1.0" encoding="UTF-8"?>
<!-- Generated by org.testng.reporters.JUnitReportReporter -->
<testsuite hostname="Mac-mini-DuniceEdCast.local" failures="0" tests="8" name="WrongChangePostTest" time="18.769" errors="0" timestamp="2021-12-30T10:21:49 MSK" skipped="0">
  <testcase classname="WrongChangePostTest" name="wrongChangePostTestWithoutToken" time="1.228"/>
  <system-out/>
  <testcase classname="WrongChangePostTest" name="wrongChangePostTestWithWrongId" time="0.816"/>
  <system-out/>
  <testcase classname="WrongChangePostTest" name="wrongChangePostTestWithEmptyDescription" time="1.002"/>
  <system-out/>
  <testcase classname="WrongChangePostTest" name="wrongChangePostTestWithoutImage" time="1.025"/>
  <system-out/>
  <testcase classname="WrongChangePostTest" name="wrongChangePostTestWithEmptyTags" time="6.006"/>
  <system-out/>
  <testcase classname="WrongChangePostTest" name="wrongChangePostTestWithoutDescription" time="1.049"/>
  <system-out/>
  <testcase classname="WrongChangePostTest" name="wrongChangePostTestWithoutTitle" time="6.019"/>
  <system-out/>
  <testcase classname="WrongChangePostTest" name="wrongChangePostTestWithEmptyTitle" time="1.624"/>
  <system-out/>
</testsuite> <!-- WrongChangePostTest -->
