<?xml version="1.0" encoding="UTF-8"?>
<!-- Generated by org.testng.reporters.JUnitReportReporter -->
<testsuite hostname="Mac-mini-DuniceEdCast.local" failures="0" tests="2" name="GetUserInfoTest" time="1.733" errors="0" timestamp="2021-12-29T12:56:54 MSK" skipped="0">
  <testcase classname="GetUserInfoTest" name="getUsers" time="0.984"/>
  <system-out/>
  <testcase classname="GetUserInfoTest" name="getUserInfoByIdTest" time="0.749"/>
  <system-out/>
</testsuite> <!-- GetUserInfoTest -->
