<?xml version="1.0" encoding="UTF-8"?>
<!-- Generated by org.testng.reporters.JUnitReportReporter -->
<testsuite hostname="Mac-mini-DuniceEdCast.local" failures="0" tests="1" name="DeletePostTest" time="6.084" errors="0" timestamp="2021-12-29T11:35:18 MSK" skipped="0">
  <testcase classname="DeletePostTest" name="deletePostTest" time="6.084"/>
  <system-out/>
</testsuite> <!-- DeletePostTest -->
