<?xml version="1.0" encoding="UTF-8"?>
<!-- Generated by org.testng.reporters.JUnitReportReporter -->
<testsuite hostname="Mac-mini-DuniceEdCast.local" failures="0" tests="1" name="WrongGetUserInfoTest" time="0.202" errors="0" timestamp="2021-12-27T16:47:06 MSK" skipped="0">
  <testcase classname="WrongGetUserInfoTest" name="withWrongUserId" time="0.202"/>
  <system-out/>
</testsuite> <!-- WrongGetUserInfoTest -->
