<?xml version="1.0" encoding="UTF-8"?>
<!-- Generated by org.testng.reporters.JUnitReportReporter -->
<testsuite hostname="Mac-mini-DuniceEdCast.local" failures="0" tests="3" name="DeleteUserTest" time="6.987" errors="0" timestamp="2021-12-30T10:21:49 MSK" skipped="0">
  <testcase classname="DeleteUserTest" name="deleteUser" time="0.505"/>
  <system-out/>
  <testcase classname="DeleteUserTest" name="deleteWithoutToken" time="0.820"/>
  <system-out/>
  <testcase classname="DeleteUserTest" name="deleteWithEmptyToken" time="5.662"/>
  <system-out/>
</testsuite> <!-- DeleteUserTest -->
