<?xml version="1.0" encoding="UTF-8"?>
<!-- Generated by org.testng.reporters.JUnitReportReporter -->
<testsuite hostname="Mac-mini-DuniceEdCast.local" failures="0" tests="2" name="GetPostTest" time="1.746" errors="0" timestamp="2021-12-30T10:21:49 MSK" skipped="0">
  <testcase classname="GetPostTest" name="getUserPostTest" time="0.878"/>
  <system-out/>
  <testcase classname="GetPostTest" name="getPostTest" time="0.868"/>
  <system-out/>
</testsuite> <!-- GetPostTest -->
