<?xml version="1.0" encoding="UTF-8"?>
<!-- Generated by org.testng.reporters.JUnitReportReporter -->
<testsuite hostname="Mac-mini-DuniceEdCast.local" failures="0" tests="2" name="WrongDeletePostTest" time="1.963" errors="0" timestamp="2021-12-29T11:35:18 MSK" skipped="0">
  <testcase classname="WrongDeletePostTest" name="deletePostTestWithWrongId" time="0.863"/>
  <system-out/>
  <testcase classname="WrongDeletePostTest" name="deletePostTestWithoutToken" time="1.100"/>
  <system-out/>
</testsuite> <!-- WrongDeletePostTest -->
