<?xml version="1.0" encoding="UTF-8"?>
<!-- Generated by org.testng.reporters.JUnitReportReporter -->
<testsuite hostname="Mac-mini-DuniceEdCast.local" failures="0" tests="1" name="SuccessAuthorizationTest" time="0.987" errors="0" timestamp="2021-12-30T10:21:49 MSK" skipped="0">
  <testcase classname="SuccessAuthorizationTest" name="successAuthorizationTest" time="0.987"/>
  <system-out/>
</testsuite> <!-- SuccessAuthorizationTest -->
